app/build/intermediates/manifest_merge_blame_file/debug/processDebugMainManifest/manifest-merger-blame-debug-report.txt
1<?xml version="1.0" encoding="utf-8"?>
2<manifest xmlns:android="http://schemas.android.com/apk/res/android"
3    package="com.example.senianmusic"
4    android:versionCode="1"
5    android:versionName="1.0" >
6
7    <uses-sdk
8        android:minSdkVersion="26"
9        android:targetSdkVersion="34" />
10
11    <uses-permission android:name="android.permission.INTERNET" />
11-->src/main/AndroidManifest.xml:5:5-67
11-->src/main/AndroidManifest.xml:5:22-64
12    <uses-permission android:name="android.permission.FOREGROUND_SERVICE" />
12-->src/main/AndroidManifest.xml:6:5-77
12-->src/main/AndroidManifest.xml:6:22-74
13    <uses-permission android:name="android.permission.POST_NOTIFICATIONS" />
13-->src/main/AndroidManifest.xml:7:5-77
13-->src/main/AndroidManifest.xml:7:22-74
14    <uses-permission android:name="android.permission.FOREGROUND_SERVICE_MEDIA_PLAYBACK" />
14-->src/main/AndroidManifest.xml:8:5-92
14-->src/main/AndroidManifest.xml:8:22-89
15
16    <uses-feature
16-->src/main/AndroidManifest.xml:10:5-12:36
17        android:name="android.hardware.touchscreen"
17-->src/main/AndroidManifest.xml:11:9-52
18        android:required="false" />
18-->src/main/AndroidManifest.xml:12:9-33
19    <uses-feature
19-->src/main/AndroidManifest.xml:13:5-15:35
20        android:name="android.software.leanback"
20-->src/main/AndroidManifest.xml:14:9-49
21        android:required="true" />
21-->src/main/AndroidManifest.xml:15:9-32
22
23    <uses-permission android:name="android.permission.ACCESS_NETWORK_STATE" />
23-->[androidx.media3:media3-exoplayer:1.2.1] AndroidManifest.xml:22:5-79
23-->[androidx.media3:media3-exoplayer:1.2.1] AndroidManifest.xml:22:22-76
24
25    <permission
25-->[androidx.core:core:1.12.0] AndroidManifest.xml:22:5-24:47
26        android:name="com.example.senianmusic.DYNAMIC_RECEIVER_NOT_EXPORTED_PERMISSION"
26-->[androidx.core:core:1.12.0] AndroidManifest.xml:23:9-81
27        android:protectionLevel="signature" />
27-->[androidx.core:core:1.12.0] AndroidManifest.xml:24:9-44
28
29    <uses-permission android:name="com.example.senianmusic.DYNAMIC_RECEIVER_NOT_EXPORTED_PERMISSION" />
29-->[androidx.core:core:1.12.0] AndroidManifest.xml:26:5-97
29-->[androidx.core:core:1.12.0] AndroidManifest.xml:26:22-94
30
31    <application
31-->src/main/AndroidManifest.xml:17:5-68:19
32        android:allowBackup="true"
32-->src/main/AndroidManifest.xml:18:9-35
33        android:appComponentFactory="androidx.core.app.CoreComponentFactory"
33-->[androidx.core:core:1.12.0] AndroidManifest.xml:28:18-86
34        android:banner="@drawable/app_banner"
34-->src/main/AndroidManifest.xml:20:9-46
35        android:debuggable="true"
36        android:extractNativeLibs="false"
37        android:icon="@mipmap/ic_launcher"
37-->src/main/AndroidManifest.xml:19:9-43
38        android:label="@string/app_name"
38-->src/main/AndroidManifest.xml:21:9-41
39        android:networkSecurityConfig="@xml/network_security_config"
39-->src/main/AndroidManifest.xml:24:9-69
40        android:supportsRtl="true"
40-->src/main/AndroidManifest.xml:22:9-35
41        android:testOnly="true"
42        android:theme="@style/Theme.SenianMusic" > <!-- Añadido para compatibilidad -->
42-->src/main/AndroidManifest.xml:23:9-49
43
44
45        <!-- AHORA LoginActivity ES LA PANTALLA DE INICIO -->
46        <activity
46-->src/main/AndroidManifest.xml:28:9-35:20
47            android:name="com.example.senianmusic.ui.login.LoginActivity"
47-->src/main/AndroidManifest.xml:29:13-51
48            android:exported="true" >
48-->src/main/AndroidManifest.xml:30:13-36
49            <intent-filter>
49-->src/main/AndroidManifest.xml:31:13-34:29
50                <action android:name="android.intent.action.MAIN" />
50-->src/main/AndroidManifest.xml:32:17-69
50-->src/main/AndroidManifest.xml:32:25-66
51
52                <category android:name="android.intent.category.LEANBACK_LAUNCHER" />
52-->src/main/AndroidManifest.xml:33:17-86
52-->src/main/AndroidManifest.xml:33:27-83
53            </intent-filter>
54        </activity>
55
56        <!-- Las otras actividades, declaradas pero no como punto de inicio -->
57        <activity android:name="com.example.senianmusic.MainActivity" />
57-->src/main/AndroidManifest.xml:38:9-50
57-->src/main/AndroidManifest.xml:38:19-47
58        <activity
58-->src/main/AndroidManifest.xml:39:9-78
59            android:name="com.example.senianmusic.DetailsActivity"
59-->src/main/AndroidManifest.xml:39:19-50
60            android:exported="false" />
60-->src/main/AndroidManifest.xml:39:51-75
61        <activity
61-->src/main/AndroidManifest.xml:40:9-79
62            android:name="com.example.senianmusic.PlaybackActivity"
62-->src/main/AndroidManifest.xml:40:19-51
63            android:exported="false" />
63-->src/main/AndroidManifest.xml:40:52-76
64        <activity
64-->src/main/AndroidManifest.xml:41:9-82
65            android:name="com.example.senianmusic.BrowseErrorActivity"
65-->src/main/AndroidManifest.xml:41:19-54
66            android:exported="false" />
66-->src/main/AndroidManifest.xml:41:55-79
67        <activity
67-->src/main/AndroidManifest.xml:43:9-46:65
68            android:name="com.example.senianmusic.ui.playback.PlaybackActivity"
68-->src/main/AndroidManifest.xml:44:13-57
69            android:exported="false"
69-->src/main/AndroidManifest.xml:45:13-37
70            android:theme="@style/Theme.SenianMusic.Playback" /> <!-- TEMA APLICADO -->
70-->src/main/AndroidManifest.xml:46:13-62
71        <!-- Puedes borrar la SetupActivity si ya no la usas -->
72        <!-- <activity android:name=".ui.setup.SetupActivity"/> -->
73
74        <activity
74-->src/main/AndroidManifest.xml:50:9-52:40
75            android:name="com.example.senianmusic.ui.search.SearchActivity"
75-->src/main/AndroidManifest.xml:51:13-53
76            android:exported="false" />
76-->src/main/AndroidManifest.xml:52:13-37
77        <activity
77-->src/main/AndroidManifest.xml:54:9-57:53
78            android:name="com.example.senianmusic.ui.album.AlbumDetailActivity"
78-->src/main/AndroidManifest.xml:55:13-57
79            android:exported="false"
79-->src/main/AndroidManifest.xml:56:13-37
80            android:theme="@style/Theme.Leanback" />
80-->src/main/AndroidManifest.xml:57:13-50
81
82        <service
82-->src/main/AndroidManifest.xml:59:9-66:19
83            android:name="com.example.senianmusic.player.PlaybackService"
83-->src/main/AndroidManifest.xml:60:13-51
84            android:exported="true"
84-->src/main/AndroidManifest.xml:61:13-36
85            android:foregroundServiceType="mediaPlayback" >
85-->src/main/AndroidManifest.xml:62:13-58
86            <intent-filter>
86-->src/main/AndroidManifest.xml:63:13-65:29
87                <action android:name="androidx.media3.session.MediaSessionService" />
87-->src/main/AndroidManifest.xml:64:17-85
87-->src/main/AndroidManifest.xml:64:25-83
88            </intent-filter>
89        </service>
90
91        <provider
91-->[androidx.emoji2:emoji2:1.2.0] AndroidManifest.xml:24:9-32:20
92            android:name="androidx.startup.InitializationProvider"
92-->[androidx.emoji2:emoji2:1.2.0] AndroidManifest.xml:25:13-67
93            android:authorities="com.example.senianmusic.androidx-startup"
93-->[androidx.emoji2:emoji2:1.2.0] AndroidManifest.xml:26:13-68
94            android:exported="false" >
94-->[androidx.emoji2:emoji2:1.2.0] AndroidManifest.xml:27:13-37
95            <meta-data
95-->[androidx.emoji2:emoji2:1.2.0] AndroidManifest.xml:29:13-31:52
96                android:name="androidx.emoji2.text.EmojiCompatInitializer"
96-->[androidx.emoji2:emoji2:1.2.0] AndroidManifest.xml:30:17-75
97                android:value="androidx.startup" />
97-->[androidx.emoji2:emoji2:1.2.0] AndroidManifest.xml:31:17-49
98            <meta-data
98-->[androidx.lifecycle:lifecycle-process:2.7.0] AndroidManifest.xml:29:13-31:52
99                android:name="androidx.lifecycle.ProcessLifecycleInitializer"
99-->[androidx.lifecycle:lifecycle-process:2.7.0] AndroidManifest.xml:30:17-78
100                android:value="androidx.startup" />
100-->[androidx.lifecycle:lifecycle-process:2.7.0] AndroidManifest.xml:31:17-49
101            <meta-data
101-->[androidx.profileinstaller:profileinstaller:1.3.1] AndroidManifest.xml:29:13-31:52
102                android:name="androidx.profileinstaller.ProfileInstallerInitializer"
102-->[androidx.profileinstaller:profileinstaller:1.3.1] AndroidManifest.xml:30:17-85
103                android:value="androidx.startup" />
103-->[androidx.profileinstaller:profileinstaller:1.3.1] AndroidManifest.xml:31:17-49
104        </provider>
105
106        <service
106-->[androidx.room:room-runtime:2.6.1] AndroidManifest.xml:24:9-28:63
107            android:name="androidx.room.MultiInstanceInvalidationService"
107-->[androidx.room:room-runtime:2.6.1] AndroidManifest.xml:25:13-74
108            android:directBootAware="true"
108-->[androidx.room:room-runtime:2.6.1] AndroidManifest.xml:26:13-43
109            android:exported="false" />
109-->[androidx.room:room-runtime:2.6.1] AndroidManifest.xml:27:13-37
110
111        <receiver
111-->[androidx.profileinstaller:profileinstaller:1.3.1] AndroidManifest.xml:34:9-52:20
112            android:name="androidx.profileinstaller.ProfileInstallReceiver"
112-->[androidx.profileinstaller:profileinstaller:1.3.1] AndroidManifest.xml:35:13-76
113            android:directBootAware="false"
113-->[androidx.profileinstaller:profileinstaller:1.3.1] AndroidManifest.xml:36:13-44
114            android:enabled="true"
114-->[androidx.profileinstaller:profileinstaller:1.3.1] AndroidManifest.xml:37:13-35
115            android:exported="true"
115-->[androidx.profileinstaller:profileinstaller:1.3.1] AndroidManifest.xml:38:13-36
116            android:permission="android.permission.DUMP" >
116-->[androidx.profileinstaller:profileinstaller:1.3.1] AndroidManifest.xml:39:13-57
117            <intent-filter>
117-->[androidx.profileinstaller:profileinstaller:1.3.1] AndroidManifest.xml:40:13-42:29
118                <action android:name="androidx.profileinstaller.action.INSTALL_PROFILE" />
118-->[androidx.profileinstaller:profileinstaller:1.3.1] AndroidManifest.xml:41:17-91
118-->[androidx.profileinstaller:profileinstaller:1.3.1] AndroidManifest.xml:41:25-88
119            </intent-filter>
120            <intent-filter>
120-->[androidx.profileinstaller:profileinstaller:1.3.1] AndroidManifest.xml:43:13-45:29
121                <action android:name="androidx.profileinstaller.action.SKIP_FILE" />
121-->[androidx.profileinstaller:profileinstaller:1.3.1] AndroidManifest.xml:44:17-85
121-->[androidx.profileinstaller:profileinstaller:1.3.1] AndroidManifest.xml:44:25-82
122            </intent-filter>
123            <intent-filter>
123-->[androidx.profileinstaller:profileinstaller:1.3.1] AndroidManifest.xml:46:13-48:29
124                <action android:name="androidx.profileinstaller.action.SAVE_PROFILE" />
124-->[androidx.profileinstaller:profileinstaller:1.3.1] AndroidManifest.xml:47:17-88
124-->[androidx.profileinstaller:profileinstaller:1.3.1] AndroidManifest.xml:47:25-85
125            </intent-filter>
126            <intent-filter>
126-->[androidx.profileinstaller:profileinstaller:1.3.1] AndroidManifest.xml:49:13-51:29
127                <action android:name="androidx.profileinstaller.action.BENCHMARK_OPERATION" />
127-->[androidx.profileinstaller:profileinstaller:1.3.1] AndroidManifest.xml:50:17-95
127-->[androidx.profileinstaller:profileinstaller:1.3.1] AndroidManifest.xml:50:25-92
128            </intent-filter>
129        </receiver>
130    </application>
131
132</manifest>